{
  "RSpec": {
    "coverage": {
      "/Users/alexmac/Documents/turing/mod_2/projects/relational_rails/app/channels/application_cable/channel.rb": {
        "lines": [
          1,
          1,
          null,
          null
        ]
      },
      "/Users/alexmac/Documents/turing/mod_2/projects/relational_rails/app/channels/application_cable/connection.rb": {
        "lines": [
          1,
          1,
          null,
          null
        ]
      },
      "/Users/alexmac/Documents/turing/mod_2/projects/relational_rails/app/controllers/application_controller.rb": {
        "lines": [
          1,
          null
        ]
      },
      "/Users/alexmac/Documents/turing/mod_2/projects/relational_rails/app/helpers/application_helper.rb": {
        "lines": [
          1,
          null
        ]
      },
      "/Users/alexmac/Documents/turing/mod_2/projects/relational_rails/app/controllers/hello_controller.rb": {
        "lines": [
          1,
          1,
          null,
          null,
          null
        ]
      },
      "/Users/alexmac/Documents/turing/mod_2/projects/relational_rails/app/controllers/mountain_ranges_controller.rb": {
        "lines": [
          1,
          1,
          0,
          null,
          null,
          1,
          null,
          null,
          null,
          1,
          0,
          0,
          null,
          null,
          1,
          0,
          0,
          null,
          null,
          1,
          0,
          0,
          null,
          null,
          null
        ]
      },
      "/Users/alexmac/Documents/turing/mod_2/projects/relational_rails/app/controllers/mountains_controller.rb": {
        "lines": [
          1,
          1,
          0,
          null,
          null,
          1,
          0,
          null,
          null
        ]
      },
      "/Users/alexmac/Documents/turing/mod_2/projects/relational_rails/app/controllers/nbateams_controller.rb": {
        "lines": [
          1,
          1,
          0,
          null,
          null,
          1,
          0,
          null,
          null
        ]
      },
      "/Users/alexmac/Documents/turing/mod_2/projects/relational_rails/app/controllers/players_controller.rb": {
        "lines": [
          1,
          1,
          null,
          null,
          null
        ]
      },
      "/Users/alexmac/Documents/turing/mod_2/projects/relational_rails/app/jobs/application_job.rb": {
        "lines": [
          1,
          null
        ]
      },
      "/Users/alexmac/Documents/turing/mod_2/projects/relational_rails/app/mailers/application_mailer.rb": {
        "lines": [
          1,
          1,
          1,
          null
        ]
      },
      "/Users/alexmac/Documents/turing/mod_2/projects/relational_rails/app/models/application_record.rb": {
        "lines": [
          1,
          1,
          null
        ]
      },
      "/Users/alexmac/Documents/turing/mod_2/projects/relational_rails/app/models/mountain.rb": {
        "lines": [
          1,
          1,
          null
        ]
      },
      "/Users/alexmac/Documents/turing/mod_2/projects/relational_rails/app/models/mountain_range.rb": {
        "lines": [
          1,
          1,
          null
        ]
      },
      "/Users/alexmac/Documents/turing/mod_2/projects/relational_rails/app/models/nbateam.rb": {
        "lines": [
          1,
          1,
          null
        ]
      },
      "/Users/alexmac/Documents/turing/mod_2/projects/relational_rails/app/models/player.rb": {
        "lines": [
          1,
          1,
          null
        ]
      }
    },
    "timestamp": 1621295537
  }
}
